<?xml version="1.0" encoding="UTF-8"?>
<!-- Generated by org.testng.reporters.JUnitXMLReporter -->
<testsuite ignored="7" hostname="DESKTOP-FKHI83U" failures="1" tests="7" name="Regression" time="0.475" errors="0" timestamp="2024-02-21T14:38:35 IST">
  <testcase classname="test.NewTest" name="f" time="0.074"/>
  <testcase classname="test.day3" name="APILoginCarLoan" time="0.008"/>
  <testcase classname="test.day4" name="Login" time="0.015"/>
  <testcase classname="test.day4" name="Login" time="0.022"/>
  <testcase classname="test.day4" name="Login" time="0.005"/>
  <testcase classname="test.day4" name="WebLoginHomeLoan" time="0.005"/>
  <testcase classname="test.day4" name="helperAttributes" time="0.053">
    <failure type="java.lang.AssertionError" message="expected [true] but found [false]">
      <![CDATA[java.lang.AssertionError: expected [true] but found [false]
at test.day4.helperAttributes(day4.java:41)
at java.base/java.util.concurrent.FutureTask.run(FutureTask.java:317)
at java.base/java.util.concurrent.ThreadPoolExecutor.runWorker(ThreadPoolExecutor.java:1144)
at java.base/java.util.concurrent.ThreadPoolExecutor$Worker.run(ThreadPoolExecutor.java:642)
at java.base/java.lang.Thread.run(Thread.java:1583)
... Removed 10 stack frames]]>
    </failure>
  </testcase> <!-- helperAttributes -->
  <testcase classname="test.NewTest2" name="f1" time="0.0">
    <ignored/>
  </testcase> <!-- f1 -->
  <testcase classname="test.day4" name="APILoginhomeLoan" time="0.0">
    <ignored/>
  </testcase> <!-- APILoginhomeLoan -->
  <testcase classname="test.day3" name="WebLoginCarLoan" time="0.0">
    <ignored/>
  </testcase> <!-- WebLoginCarLoan -->
  <testcase classname="test.day3" name="MobileLoginCarLoan" time="0.0">
    <ignored/>
  </testcase> <!-- MobileLoginCarLoan -->
  <testcase classname="test.NewTest2" name="f" time="0.0">
    <ignored/>
  </testcase> <!-- f -->
  <testcase classname="test.NewTest" name="f1" time="0.0">
    <ignored/>
  </testcase> <!-- f1 -->
  <testcase classname="test.day4" name="MobileLoginHomeLoan" time="0.0">
    <ignored/>
  </testcase> <!-- MobileLoginHomeLoan -->
</testsuite> <!-- Regression -->
